[17:28:17] [main/INFO]: Environment: authHost='https://authserver.mojang.com', accountsHost='https://api.mojang.com', sessionHost='https://sessionserver.mojang.com', servicesHost='https://api.minecraftservices.com', name='PROD'
[17:28:18] [main/WARN]: Ambiguity between arguments [teleport, destination] and [teleport, targets] with inputs: [Player, 0123, @e, dd12be42-52a9-4a91-a8a1-11c01849e498]
[17:28:18] [main/WARN]: Ambiguity between arguments [teleport, location] and [teleport, destination] with inputs: [0.1 -0.5 .9, 0 0 0]
[17:28:18] [main/WARN]: Ambiguity between arguments [teleport, location] and [teleport, targets] with inputs: [0.1 -0.5 .9, 0 0 0]
[17:28:18] [main/WARN]: Ambiguity between arguments [teleport, targets] and [teleport, destination] with inputs: [Player, 0123, dd12be42-52a9-4a91-a8a1-11c01849e498]
[17:28:18] [main/WARN]: Ambiguity between arguments [teleport, targets, location] and [teleport, targets, destination] with inputs: [0.1 -0.5 .9, 0 0 0]
[17:28:18] [main/INFO]: Reloading ResourceManager: Default
[17:28:18] [Worker-Main-13/INFO]: Loaded 7 recipes
[17:28:19] [Worker-Main-13/INFO]: Loaded 927 advancements
[17:28:20] [Server thread/INFO]: Starting minecraft server version 1.16.5
[17:28:20] [Server thread/INFO]: Loading properties
[17:28:20] [Server thread/INFO]: Default game type: SURVIVAL
[17:28:20] [Server thread/INFO]: Generating keypair
[17:28:20] [Server console handler/ERROR]: Exception handling console input
java.io.IOException: Ýþleyici geçersiz
	at java.io.FileInputStream.readBytes(Native Method) ~[?:1.8.0_381]
	at java.io.FileInputStream.read(Unknown Source) ~[?:1.8.0_381]
	at java.io.BufferedInputStream.read1(Unknown Source) ~[?:1.8.0_381]
	at java.io.BufferedInputStream.read(Unknown Source) ~[?:1.8.0_381]
	at sun.nio.cs.StreamDecoder.readBytes(Unknown Source) ~[?:1.8.0_381]
	at sun.nio.cs.StreamDecoder.implRead(Unknown Source) ~[?:1.8.0_381]
	at sun.nio.cs.StreamDecoder.read(Unknown Source) ~[?:1.8.0_381]
	at java.io.InputStreamReader.read(Unknown Source) ~[?:1.8.0_381]
	at java.io.BufferedReader.fill(Unknown Source) ~[?:1.8.0_381]
	at java.io.BufferedReader.readLine(Unknown Source) ~[?:1.8.0_381]
	at java.io.BufferedReader.readLine(Unknown Source) ~[?:1.8.0_381]
	at zg$1.run(SourceFile:95) [server.jar:?]
[17:28:20] [Server thread/INFO]: Starting Minecraft server on 127.0.0.1:25565
[17:28:20] [Server thread/INFO]: Using default channel type
[17:28:21] [Server thread/WARN]: **** SERVER IS RUNNING IN OFFLINE/INSECURE MODE!
[17:28:21] [Server thread/WARN]: The server will make no attempt to authenticate usernames. Beware.
[17:28:21] [Server thread/WARN]: While this makes the game possible to play without internet access, it also opens up the ability for hackers to connect with any username they choose.
[17:28:21] [Server thread/WARN]: To change this, set "online-mode" to "true" in the server.properties file.
[17:28:21] [Server thread/INFO]: Preparing level "world"
[17:28:21] [Server thread/INFO]: Preparing start region for dimension minecraft:overworld
[17:28:22] [Server thread/INFO]: Preparing spawn area: 0%
[17:28:22] [Server thread/INFO]: Preparing spawn area: 0%
[17:28:24] [Worker-Main-11/INFO]: Preparing spawn area: 83%
[17:28:24] [Worker-Main-11/INFO]: Preparing spawn area: 83%
[17:28:24] [Worker-Main-14/INFO]: Preparing spawn area: 83%
[17:28:24] [Worker-Main-11/INFO]: Preparing spawn area: 83%
[17:28:24] [Worker-Main-11/INFO]: Preparing spawn area: 83%
[17:28:25] [Worker-Main-11/INFO]: Preparing spawn area: 91%
[17:28:25] [Worker-Main-14/INFO]: Preparing spawn area: 91%
[17:28:26] [Server thread/INFO]: Time elapsed: 4481 ms
[17:28:26] [Server thread/INFO]: Done (4.573s)! For help, type "help"
