[20:16:23] [main/INFO]: Environment: authHost='https://authserver.mojang.com', accountsHost='https://api.mojang.com', sessionHost='https://sessionserver.mojang.com', servicesHost='https://api.minecraftservices.com', name='PROD'
[20:16:23] [main/WARN]: Ambiguity between arguments [teleport, destination] and [teleport, targets] with inputs: [Player, 0123, @e, dd12be42-52a9-4a91-a8a1-11c01849e498]
[20:16:23] [main/WARN]: Ambiguity between arguments [teleport, location] and [teleport, destination] with inputs: [0.1 -0.5 .9, 0 0 0]
[20:16:23] [main/WARN]: Ambiguity between arguments [teleport, location] and [teleport, targets] with inputs: [0.1 -0.5 .9, 0 0 0]
[20:16:23] [main/WARN]: Ambiguity between arguments [teleport, targets] and [teleport, destination] with inputs: [Player, 0123, dd12be42-52a9-4a91-a8a1-11c01849e498]
[20:16:23] [main/WARN]: Ambiguity between arguments [teleport, targets, location] and [teleport, targets, destination] with inputs: [0.1 -0.5 .9, 0 0 0]
[20:16:23] [main/INFO]: Reloading ResourceManager: Default
[20:16:23] [Worker-Main-14/INFO]: Loaded 7 recipes
[20:16:24] [Worker-Main-14/INFO]: Loaded 927 advancements
[20:16:24] [Server thread/INFO]: Starting minecraft server version 1.16.5
[20:16:24] [Server thread/INFO]: Loading properties
[20:16:24] [Server thread/INFO]: Default game type: SURVIVAL
[20:16:24] [Server thread/INFO]: Generating keypair
[20:16:24] [Server thread/INFO]: Starting Minecraft server on 127.0.0.1:25565
[20:16:24] [Server thread/INFO]: Using default channel type
[20:16:25] [Server thread/WARN]: **** SERVER IS RUNNING IN OFFLINE/INSECURE MODE!
[20:16:25] [Server thread/WARN]: The server will make no attempt to authenticate usernames. Beware.
[20:16:25] [Server thread/WARN]: While this makes the game possible to play without internet access, it also opens up the ability for hackers to connect with any username they choose.
[20:16:25] [Server thread/WARN]: To change this, set "online-mode" to "true" in the server.properties file.
[20:16:25] [Server thread/INFO]: Preparing level "world"
[20:16:25] [Server thread/INFO]: Preparing start region for dimension minecraft:overworld
[20:16:26] [Server thread/INFO]: Preparing spawn area: 0%
[20:16:26] [Server thread/INFO]: Preparing spawn area: 0%
[20:16:26] [Server thread/INFO]: Preparing spawn area: 0%
[20:16:29] [Worker-Main-10/INFO]: Preparing spawn area: 83%
[20:16:29] [Worker-Main-10/INFO]: Preparing spawn area: 83%
[20:16:29] [Worker-Main-10/INFO]: Preparing spawn area: 83%
[20:16:29] [Worker-Main-10/INFO]: Preparing spawn area: 83%
[20:16:29] [Worker-Main-10/INFO]: Preparing spawn area: 83%
[20:16:29] [Worker-Main-11/INFO]: Preparing spawn area: 91%
[20:16:30] [Worker-Main-13/INFO]: Preparing spawn area: 91%
[20:16:30] [Worker-Main-14/INFO]: Preparing spawn area: 91%
[20:16:32] [Worker-Main-14/INFO]: Preparing spawn area: 91%
[20:16:32] [Worker-Main-14/INFO]: Preparing spawn area: 91%
[20:16:32] [Server thread/INFO]: Preparing spawn area: 92%
[20:16:32] [Worker-Main-14/INFO]: Preparing spawn area: 98%
[20:16:33] [Server thread/INFO]: Time elapsed: 7098 ms
[20:16:33] [Server thread/INFO]: Done (7.182s)! For help, type "help"
[20:16:33] [Server thread/INFO]: YasirKa[/127.0.0.1:25753] logged in with entity id 142 at (-355.582021380169, 70.5625, -219.4241337738517)
[20:16:33] [Server thread/INFO]: YasirKa joined the game
[20:17:00] [Server thread/INFO]: YasirKa lost connection: Disconnected
[20:17:00] [Server thread/INFO]: YasirKa left the game
